<?xml version="1.0" encoding="UTF-8"?>
<!-- Generated by org.testng.reporters.JUnitReportReporter -->
<testsuite skipped="0" hostname="Cvetic" name="d04_02_2022.Zadatak1" tests="1" failures="0" timestamp="2022-02-06T19:28:44 CET" time="22.544" errors="0">
  <testcase name="kupujemProdajem" time="22.544" classname="d04_02_2022.Zadatak1"/>
  <system-out/>
</testsuite> <!-- d04_02_2022.Zadatak1 -->
