<?xml version="1.0" encoding="UTF-8"?>
<!-- Generated by org.testng.reporters.JUnitReportReporter -->
<testsuite skipped="0" hostname="Cvetic" name="d07_02_2022_Zadatak_1.FormTest" tests="1" failures="0" timestamp="2022-02-09T22:30:25 CET" time="7.803" errors="0">
  <testcase name="formTest" time="7.803" classname="d07_02_2022_Zadatak_1.FormTest"/>
  <system-out/>
</testsuite> <!-- d07_02_2022_Zadatak_1.FormTest -->
